  Checks.cpp
C:\Папка Яна Сергеевича\БГУИР\2 курс\курсач ООПиП\CourseWork OOP&P\CourseWork OOP&P\Header.h(610,23): warning C4244: 'argument': conversion from 'int' to 'float', possible loss of data
C:\Папка Яна Сергеевича\БГУИР\2 курс\курсач ООПиП\CourseWork OOP&P\CourseWork OOP&P\Header.h(1007,24): warning C4834: discarding return value of function with 'nodiscard' attribute
C:\Папка Яна Сергеевича\БГУИР\2 курс\курсач ООПиП\CourseWork OOP&P\CourseWork OOP&P\Header.h(1012,27): warning C4834: discarding return value of function with 'nodiscard' attribute
C:\Папка Яна Сергеевича\БГУИР\2 курс\курсач ООПиП\CourseWork OOP&P\CourseWork OOP&P\Header.h(1258,7): warning C4553: '==': result of expression not used; did you intend '='?
C:\Папка Яна Сергеевича\БГУИР\2 курс\курсач ООПиП\CourseWork OOP&P\CourseWork OOP&P\Header.h(1279,7): warning C4553: '==': result of expression not used; did you intend '='?
C:\Папка Яна Сергеевича\БГУИР\2 курс\курсач ООПиП\CourseWork OOP&P\CourseWork OOP&P\Header.h(1300,7): warning C4553: '==': result of expression not used; did you intend '='?
C:\Папка Яна Сергеевича\БГУИР\2 курс\курсач ООПиП\CourseWork OOP&P\CourseWork OOP&P\Header.h(1321,7): warning C4553: '==': result of expression not used; did you intend '='?
C:\Папка Яна Сергеевича\БГУИР\2 курс\курсач ООПиП\CourseWork OOP&P\CourseWork OOP&P\Header.h(1342,7): warning C4553: '==': result of expression not used; did you intend '='?
C:\Папка Яна Сергеевича\БГУИР\2 курс\курсач ООПиП\CourseWork OOP&P\CourseWork OOP&P\Header.h(1363,7): warning C4553: '==': result of expression not used; did you intend '='?
C:\Папка Яна Сергеевича\БГУИР\2 курс\курсач ООПиП\CourseWork OOP&P\CourseWork OOP&P\Header.h(1384,7): warning C4553: '==': result of expression not used; did you intend '='?
C:\Папка Яна Сергеевича\БГУИР\2 курс\курсач ООПиП\CourseWork OOP&P\CourseWork OOP&P\Header.h(1738,7): warning C4553: '==': result of expression not used; did you intend '='?
C:\Папка Яна Сергеевича\БГУИР\2 курс\курсач ООПиП\CourseWork OOP&P\CourseWork OOP&P\Header.h(1759,7): warning C4553: '==': result of expression not used; did you intend '='?
C:\Папка Яна Сергеевича\БГУИР\2 курс\курсач ООПиП\CourseWork OOP&P\CourseWork OOP&P\Header.h(1780,7): warning C4553: '==': result of expression not used; did you intend '='?
C:\Папка Яна Сергеевича\БГУИР\2 курс\курсач ООПиП\CourseWork OOP&P\CourseWork OOP&P\Header.h(1801,7): warning C4553: '==': result of expression not used; did you intend '='?
  Main.cpp
C:\Папка Яна Сергеевича\БГУИР\2 курс\курсач ООПиП\CourseWork OOP&P\CourseWork OOP&P\Header.h(610,23): warning C4244: 'argument': conversion from 'int' to 'float', possible loss of data
C:\Папка Яна Сергеевича\БГУИР\2 курс\курсач ООПиП\CourseWork OOP&P\CourseWork OOP&P\Header.h(1007,24): warning C4834: discarding return value of function with 'nodiscard' attribute
C:\Папка Яна Сергеевича\БГУИР\2 курс\курсач ООПиП\CourseWork OOP&P\CourseWork OOP&P\Header.h(1012,27): warning C4834: discarding return value of function with 'nodiscard' attribute
C:\Папка Яна Сергеевича\БГУИР\2 курс\курсач ООПиП\CourseWork OOP&P\CourseWork OOP&P\Header.h(1258,7): warning C4553: '==': result of expression not used; did you intend '='?
C:\Папка Яна Сергеевича\БГУИР\2 курс\курсач ООПиП\CourseWork OOP&P\CourseWork OOP&P\Header.h(1279,7): warning C4553: '==': result of expression not used; did you intend '='?
C:\Папка Яна Сергеевича\БГУИР\2 курс\курсач ООПиП\CourseWork OOP&P\CourseWork OOP&P\Header.h(1300,7): warning C4553: '==': result of expression not used; did you intend '='?
C:\Папка Яна Сергеевича\БГУИР\2 курс\курсач ООПиП\CourseWork OOP&P\CourseWork OOP&P\Header.h(1321,7): warning C4553: '==': result of expression not used; did you intend '='?
C:\Папка Яна Сергеевича\БГУИР\2 курс\курсач ООПиП\CourseWork OOP&P\CourseWork OOP&P\Header.h(1342,7): warning C4553: '==': result of expression not used; did you intend '='?
C:\Папка Яна Сергеевича\БГУИР\2 курс\курсач ООПиП\CourseWork OOP&P\CourseWork OOP&P\Header.h(1363,7): warning C4553: '==': result of expression not used; did you intend '='?
C:\Папка Яна Сергеевича\БГУИР\2 курс\курсач ООПиП\CourseWork OOP&P\CourseWork OOP&P\Header.h(1384,7): warning C4553: '==': result of expression not used; did you intend '='?
C:\Папка Яна Сергеевича\БГУИР\2 курс\курсач ООПиП\CourseWork OOP&P\CourseWork OOP&P\Header.h(1738,7): warning C4553: '==': result of expression not used; did you intend '='?
C:\Папка Яна Сергеевича\БГУИР\2 курс\курсач ООПиП\CourseWork OOP&P\CourseWork OOP&P\Header.h(1759,7): warning C4553: '==': result of expression not used; did you intend '='?
C:\Папка Яна Сергеевича\БГУИР\2 курс\курсач ООПиП\CourseWork OOP&P\CourseWork OOP&P\Header.h(1780,7): warning C4553: '==': result of expression not used; did you intend '='?
C:\Папка Яна Сергеевича\БГУИР\2 курс\курсач ООПиП\CourseWork OOP&P\CourseWork OOP&P\Header.h(1801,7): warning C4553: '==': result of expression not used; did you intend '='?
C:\Папка Яна Сергеевича\БГУИР\2 курс\курсач ООПиП\CourseWork OOP&P\CourseWork OOP&P\Main.cpp(137,22): warning C4305: 'argument': truncation from 'double' to 'float'
  Source.cpp
C:\Папка Яна Сергеевича\БГУИР\2 курс\курсач ООПиП\CourseWork OOP&P\CourseWork OOP&P\Header.h(610,23): warning C4244: 'argument': conversion from 'int' to 'float', possible loss of data
C:\Папка Яна Сергеевича\БГУИР\2 курс\курсач ООПиП\CourseWork OOP&P\CourseWork OOP&P\Header.h(1007,24): warning C4834: discarding return value of function with 'nodiscard' attribute
C:\Папка Яна Сергеевича\БГУИР\2 курс\курсач ООПиП\CourseWork OOP&P\CourseWork OOP&P\Header.h(1012,27): warning C4834: discarding return value of function with 'nodiscard' attribute
C:\Папка Яна Сергеевича\БГУИР\2 курс\курсач ООПиП\CourseWork OOP&P\CourseWork OOP&P\Header.h(1258,7): warning C4553: '==': result of expression not used; did you intend '='?
C:\Папка Яна Сергеевича\БГУИР\2 курс\курсач ООПиП\CourseWork OOP&P\CourseWork OOP&P\Header.h(1279,7): warning C4553: '==': result of expression not used; did you intend '='?
C:\Папка Яна Сергеевича\БГУИР\2 курс\курсач ООПиП\CourseWork OOP&P\CourseWork OOP&P\Header.h(1300,7): warning C4553: '==': result of expression not used; did you intend '='?
C:\Папка Яна Сергеевича\БГУИР\2 курс\курсач ООПиП\CourseWork OOP&P\CourseWork OOP&P\Header.h(1321,7): warning C4553: '==': result of expression not used; did you intend '='?
C:\Папка Яна Сергеевича\БГУИР\2 курс\курсач ООПиП\CourseWork OOP&P\CourseWork OOP&P\Header.h(1342,7): warning C4553: '==': result of expression not used; did you intend '='?
C:\Папка Яна Сергеевича\БГУИР\2 курс\курсач ООПиП\CourseWork OOP&P\CourseWork OOP&P\Header.h(1363,7): warning C4553: '==': result of expression not used; did you intend '='?
C:\Папка Яна Сергеевича\БГУИР\2 курс\курсач ООПиП\CourseWork OOP&P\CourseWork OOP&P\Header.h(1384,7): warning C4553: '==': result of expression not used; did you intend '='?
C:\Папка Яна Сергеевича\БГУИР\2 курс\курсач ООПиП\CourseWork OOP&P\CourseWork OOP&P\Header.h(1738,7): warning C4553: '==': result of expression not used; did you intend '='?
C:\Папка Яна Сергеевича\БГУИР\2 курс\курсач ООПиП\CourseWork OOP&P\CourseWork OOP&P\Header.h(1759,7): warning C4553: '==': result of expression not used; did you intend '='?
C:\Папка Яна Сергеевича\БГУИР\2 курс\курсач ООПиП\CourseWork OOP&P\CourseWork OOP&P\Header.h(1780,7): warning C4553: '==': result of expression not used; did you intend '='?
C:\Папка Яна Сергеевича\БГУИР\2 курс\курсач ООПиП\CourseWork OOP&P\CourseWork OOP&P\Header.h(1801,7): warning C4553: '==': result of expression not used; did you intend '='?
C:\Папка Яна Сергеевича\БГУИР\2 курс\курсач ООПиП\CourseWork OOP&P\CourseWork OOP&P\Source.cpp(82,85): warning C4267: '=': conversion from 'size_t' to 'int', possible loss of data
C:\Папка Яна Сергеевича\БГУИР\2 курс\курсач ООПиП\CourseWork OOP&P\CourseWork OOP&P\Source.cpp(585,17): warning C4267: 'initializing': conversion from 'size_t' to 'int', possible loss of data
  Generating Code...
C:\Папка Яна Сергеевича\БГУИР\2 курс\курсач ООПиП\CourseWork OOP&P\CourseWork OOP&P\Checks.cpp(56): warning C4715: 'inputNumber': not all control paths return a value
C:\Папка Яна Сергеевича\БГУИР\2 курс\курсач ООПиП\CourseWork OOP&P\CourseWork OOP&P\Checks.cpp(111): warning C4715: 'inputNumberFloat': not all control paths return a value
C:\Папка Яна Сергеевича\БГУИР\2 курс\курсач ООПиП\CourseWork OOP&P\CourseWork OOP&P\Checks.cpp(256): warning C4715: 'inputStringLogin': not all control paths return a value
C:\Папка Яна Сергеевича\БГУИР\2 курс\курсач ООПиП\CourseWork OOP&P\CourseWork OOP&P\Checks.cpp(284): warning C4715: 'inputString': not all control paths return a value
C:\Папка Яна Сергеевича\БГУИР\2 курс\курсач ООПиП\CourseWork OOP&P\CourseWork OOP&P\Checks.cpp(228): warning C4715: 'inputStringPassword': not all control paths return a value
C:\Папка Яна Сергеевича\БГУИР\2 курс\курсач ООПиП\CourseWork OOP&P\CourseWork OOP&P\Checks.cpp(312): warning C4715: 'inputStringMail': not all control paths return a value
C:\Папка Яна Сергеевича\БГУИР\2 курс\курсач ООПиП\CourseWork OOP&P\CourseWork OOP&P\Checks.cpp(369): warning C4715: 'passwordEncryption': not all control paths return a value
  CourseWork OOP&P.vcxproj -> C:\Папка Яна Сергеевича\БГУИР\2 курс\курсач ООПиП\CourseWork OOP&P\x64\Debug\CourseWork OOP&P.exe
